# JRE version: Java(TM) SE Runtime Environment (7.0_45-b18) (build 1.7.0_45-b18)
# Java VM: Java HotSpot(TM) 64-Bit Server VM (24.45-b08 mixed mode bsd-amd64 compressed oops)
Heap
 PSYoungGen      total 1117184K, used 0K [0x00000007aaa80000, 0x00000007f5680000, 0x0000000800000000)
  eden space 1056768K, 0% used [0x00000007aaa80000,0x00000007aaa80000,0x00000007eb280000)
  from space 60416K, 0% used [0x00000007ee080000,0x00000007ee080000,0x00000007f1b80000)
  to   space 59904K, 0% used [0x00000007f1c00000,0x00000007f1c00000,0x00000007f5680000)
 ParOldGen       total 529920K, used 71732K [0x0000000700000000, 0x0000000720580000, 0x00000007aaa80000)
  object space 529920K, 13% used [0x0000000700000000,0x000000070460d068,0x0000000720580000)
 PSPermGen       total 83968K, used 83966K [0x00000006fae00000, 0x0000000700000000, 0x0000000700000000)
  object space 83968K, 99% used [0x00000006fae00000,0x00000006fffffa88,0x0000000700000000)
GC Heap History (10 events):
Event: 4085.391 GC heap before
{Heap before GC invocations=12 (full 3):
 PSYoungGen      total 1064448K, used 0K [0x00000007aaa80000, 0x00000007f9000000, 0x0000000800000000)
  eden space 1006592K, 0% used [0x00000007aaa80000,0x00000007aaa80000,0x00000007e8180000)
  from space 57856K, 0% used [0x00000007e8180000,0x00000007e8180000,0x00000007eba00000)
  to   space 59392K, 0% used [0x00000007f5600000,0x00000007f5600000,0x00000007f9000000)
 ParOldGen       total 232960K, used 72082K [0x0000000700000000, 0x000000070e380000, 0x00000007aaa80000)
  object space 232960K, 30% used [0x0000000700000000,0x0000000704664918,0x000000070e380000)
 PSPermGen       total 83968K, used 83968K [0x00000006fae00000, 0x0000000700000000, 0x0000000700000000)
  object space 83968K, 100% used [0x00000006fae00000,0x0000000700000000,0x0000000700000000)
Event: 4085.962 GC heap after
Heap after GC invocations=12 (full 3):
 PSYoungGen      total 1064448K, used 0K [0x00000007aaa80000, 0x00000007f9000000, 0x0000000800000000)
  eden space 1006592K, 0% used [0x00000007aaa80000,0x00000007aaa80000,0x00000007e8180000)
  from space 57856K, 0% used [0x00000007e8180000,0x00000007e8180000,0x00000007eba00000)
  to   space 59392K, 0% used [0x00000007f5600000,0x00000007f5600000,0x00000007f9000000)
 ParOldGen       total 302080K, used 71732K [0x0000000700000000, 0x0000000712700000, 0x00000007aaa80000)
  object space 302080K, 23% used [0x0000000700000000,0x000000070460d040,0x0000000712700000)
 PSPermGen       total 83968K, used 83955K [0x00000006fae00000, 0x0000000700000000, 0x0000000700000000)
  object space 83968K, 99% used [0x00000006fae00000,0x00000006ffffcd38,0x0000000700000000)
}
Event: 4085.963 GC heap before
{Heap before GC invocations=13 (full 3):
 PSYoungGen      total 1064448K, used 1115K [0x00000007aaa80000, 0x00000007f9000000, 0x0000000800000000)
  eden space 1006592K, 0% used [0x00000007aaa80000,0x00000007aab96e60,0x00000007e8180000)
  from space 57856K, 0% used [0x00000007e8180000,0x00000007e8180000,0x00000007eba00000)
  to   space 59392K, 0% used [0x00000007f5600000,0x00000007f5600000,0x00000007f9000000)
 ParOldGen       total 302080K, used 71732K [0x0000000700000000, 0x0000000712700000, 0x00000007aaa80000)
  object space 302080K, 23% used [0x0000000700000000,0x000000070460d040,0x0000000712700000)
 PSPermGen       total 83968K, used 83966K [0x00000006fae00000, 0x0000000700000000, 0x0000000700000000)
  object space 83968K, 99% used [0x00000006fae00000,0x00000006fffffa88,0x0000000700000000)
Event: 4085.970 GC heap after
Heap after GC invocations=13 (full 3):
 PSYoungGen      total 1030144K, used 64K [0x00000007aaa80000, 0x00000007f5680000, 0x0000000800000000)
  eden space 1029632K, 0% used [0x00000007aaa80000,0x00000007aaa80000,0x00000007e9800000)
  from space 512K, 12% used [0x00000007f5600000,0x00000007f5610000,0x00000007f5680000)
  to   space 60416K, 0% used [0x00000007ee080000,0x00000007ee080000,0x00000007f1b80000)
 ParOldGen       total 302080K, used 71732K [0x0000000700000000, 0x0000000712700000, 0x00000007aaa80000)
  object space 302080K, 23% used [0x0000000700000000,0x000000070460d040,0x0000000712700000)
 PSPermGen       total 83968K, used 83966K [0x00000006fae00000, 0x0000000700000000, 0x0000000700000000)
  object space 83968K, 99% used [0x00000006fae00000,0x00000006fffffa88,0x0000000700000000)
}
Event: 4085.970 GC heap before
{Heap before GC invocations=14 (full 4):
 PSYoungGen      total 1030144K, used 64K [0x00000007aaa80000, 0x00000007f5680000, 0x0000000800000000)
  eden space 1029632K, 0% used [0x00000007aaa80000,0x00000007aaa80000,0x00000007e9800000)
  from space 512K, 12% used [0x00000007f5600000,0x00000007f5610000,0x00000007f5680000)
  to   space 60416K, 0% used [0x00000007ee080000,0x00000007ee080000,0x00000007f1b80000)
 ParOldGen       total 302080K, used 71732K [0x0000000700000000, 0x0000000712700000, 0x00000007aaa80000)
  object space 302080K, 23% used [0x0000000700000000,0x000000070460d040,0x0000000712700000)
 PSPermGen       total 83968K, used 83966K [0x00000006fae00000, 0x0000000700000000, 0x0000000700000000)
  object space 83968K, 99% used [0x00000006fae00000,0x00000006fffffa88,0x0000000700000000)
Event: 4086.099 GC heap after
Heap after GC invocations=14 (full 4):
 PSYoungGen      total 1030144K, used 0K [0x00000007aaa80000, 0x00000007f5680000, 0x0000000800000000)
  eden space 1029632K, 0% used [0x00000007aaa80000,0x00000007aaa80000,0x00000007e9800000)
  from space 512K, 0% used [0x00000007f5600000,0x00000007f5600000,0x00000007f5680000)
  to   space 60416K, 0% used [0x00000007ee080000,0x00000007ee080000,0x00000007f1b80000)
 ParOldGen       total 413184K, used 71732K [0x0000000700000000, 0x0000000719380000, 0x00000007aaa80000)
  object space 413184K, 17% used [0x0000000700000000,0x000000070460d0d0,0x0000000719380000)
 PSPermGen       total 83968K, used 83966K [0x00000006fae00000, 0x0000000700000000, 0x0000000700000000)
  object space 83968K, 99% used [0x00000006fae00000,0x00000006fffffa88,0x0000000700000000)
}
Event: 4086.099 GC heap before
{Heap before GC invocations=15 (full 4):
 PSYoungGen      total 1030144K, used 0K [0x00000007aaa80000, 0x00000007f5680000, 0x0000000800000000)
  eden space 1029632K, 0% used [0x00000007aaa80000,0x00000007aaa80000,0x00000007e9800000)
  from space 512K, 0% used [0x00000007f5600000,0x00000007f5600000,0x00000007f5680000)
  to   space 60416K, 0% used [0x00000007ee080000,0x00000007ee080000,0x00000007f1b80000)
 ParOldGen       total 413184K, used 71732K [0x0000000700000000, 0x0000000719380000, 0x00000007aaa80000)
  object space 413184K, 17% used [0x0000000700000000,0x000000070460d0d0,0x0000000719380000)
 PSPermGen       total 83968K, used 83966K [0x00000006fae00000, 0x0000000700000000, 0x0000000700000000)
  object space 83968K, 99% used [0x00000006fae00000,0x00000006fffffa88,0x0000000700000000)
Event: 4086.106 GC heap after
Heap after GC invocations=15 (full 4):
 PSYoungGen      total 1117184K, used 0K [0x00000007aaa80000, 0x00000007f5680000, 0x0000000800000000)
  eden space 1056768K, 0% used [0x00000007aaa80000,0x00000007aaa80000,0x00000007eb280000)
  from space 60416K, 0% used [0x00000007ee080000,0x00000007ee080000,0x00000007f1b80000)
  to   space 59904K, 0% used [0x00000007f1c00000,0x00000007f1c00000,0x00000007f5680000)
 ParOldGen       total 413184K, used 71732K [0x0000000700000000, 0x0000000719380000, 0x00000007aaa80000)
  object space 413184K, 17% used [0x0000000700000000,0x000000070460d0d0,0x0000000719380000)
 PSPermGen       total 83968K, used 83966K [0x00000006fae00000, 0x0000000700000000, 0x0000000700000000)
  object space 83968K, 99% used [0x00000006fae00000,0x00000006fffffa88,0x0000000700000000)
}
Event: 4086.106 GC heap before
{Heap before GC invocations=16 (full 5):
 PSYoungGen      total 1117184K, used 0K [0x00000007aaa80000, 0x00000007f5680000, 0x0000000800000000)
  eden space 1056768K, 0% used [0x00000007aaa80000,0x00000007aaa80000,0x00000007eb280000)
  from space 60416K, 0% used [0x00000007ee080000,0x00000007ee080000,0x00000007f1b80000)
  to   space 59904K, 0% used [0x00000007f1c00000,0x00000007f1c00000,0x00000007f5680000)
 ParOldGen       total 413184K, used 71732K [0x0000000700000000, 0x0000000719380000, 0x00000007aaa80000)
  object space 413184K, 17% used [0x0000000700000000,0x000000070460d0d0,0x0000000719380000)
 PSPermGen       total 83968K, used 83966K [0x00000006fae00000, 0x0000000700000000, 0x0000000700000000)
  object space 83968K, 99% used [0x00000006fae00000,0x00000006fffffa88,0x0000000700000000)
Event: 4086.227 GC heap after
Heap after GC invocations=16 (full 5):
 PSYoungGen      total 1117184K, used 0K [0x00000007aaa80000, 0x00000007f5680000, 0x0000000800000000)
  eden space 1056768K, 0% used [0x00000007aaa80000,0x00000007aaa80000,0x00000007eb280000)
  from space 60416K, 0% used [0x00000007ee080000,0x00000007ee080000,0x00000007f1b80000)
  to   space 59904K, 0% used [0x00000007f1c00000,0x00000007f1c00000,0x00000007f5680000)
 ParOldGen       total 529920K, used 71732K [0x0000000700000000, 0x0000000720580000, 0x00000007aaa80000)
  object space 529920K, 13% used [0x0000000700000000,0x000000070460d068,0x0000000720580000)
 PSPermGen       total 83968K, used 83966K [0x00000006fae00000, 0x0000000700000000, 0x0000000700000000)
  object space 83968K, 99% used [0x00000006fae00000,0x00000006fffffa88,0x0000000700000000)
}

