# JRE version: 7.0_25-b15
# Java VM: Java HotSpot(TM) 64-Bit Server VM (23.25-b01 mixed mode bsd-amd64 compressed oops)
Heap
 PSYoungGen      total 671360K, used 671322K [0x0000000796560000, 0x00000007cc5f0000, 0x0000000800000000)
  eden space 624256K, 100% used [0x0000000796560000,0x00000007bc700000,0x00000007bc700000)
  from space 47104K, 99% used [0x00000007c3340000,0x00000007c6136998,0x00000007c6140000)
  to   space 83200K, 50% used [0x00000007c74b0000,0x00000007c9df3a48,0x00000007cc5f0000)
 ParOldGen       total 1381760K, used 308014K [0x00000006c3000000, 0x0000000717560000, 0x0000000796560000)
  object space 1381760K, 22% used [0x00000006c3000000,0x00000006d5ccbaa8,0x0000000717560000)
 PSPermGen       total 176512K, used 137025K [0x00000006a3000000, 0x00000006adc60000, 0x00000006c3000000)
  object space 176512K, 77% used [0x00000006a3000000,0x00000006ab5d0590,0x00000006adc60000)
GC Heap History (10 events):
Event: 82978.481 GC heap after
Heap after GC invocations=30 (full 1):
 PSYoungGen      total 763520K, used 63668K [0x0000000796560000, 0x00000007d6850000, 0x0000000800000000)
  eden space 699840K, 0% used [0x0000000796560000,0x0000000796560000,0x00000007c10d0000)
  from space 63680K, 99% used [0x00000007cd8b0000,0x00000007d16dd158,0x00000007d16e0000)
  to   space 83392K, 0% used [0x00000007d16e0000,0x00000007d16e0000,0x00000007d6850000)
 ParOldGen       total 1381760K, used 236378K [0x00000006c3000000, 0x0000000717560000, 0x0000000796560000)
  object space 1381760K, 17% used [0x00000006c3000000,0x00000006d16d6b88,0x0000000717560000)
 PSPermGen       total 176512K, used 125069K [0x00000006a3000000, 0x00000006adc60000, 0x00000006c3000000)
  object space 176512K, 70% used [0x00000006a3000000,0x00000006aaa23510,0x00000006adc60000)
}
Event: 82992.433 GC heap before
{Heap before GC invocations=31 (full 1):
 PSYoungGen      total 763520K, used 763508K [0x0000000796560000, 0x00000007d6850000, 0x0000000800000000)
  eden space 699840K, 100% used [0x0000000796560000,0x00000007c10d0000,0x00000007c10d0000)
  from space 63680K, 99% used [0x00000007cd8b0000,0x00000007d16dd158,0x00000007d16e0000)
  to   space 83392K, 0% used [0x00000007d16e0000,0x00000007d16e0000,0x00000007d6850000)
 ParOldGen       total 1381760K, used 236378K [0x00000006c3000000, 0x0000000717560000, 0x0000000796560000)
  object space 1381760K, 17% used [0x00000006c3000000,0x00000006d16d6b88,0x0000000717560000)
 PSPermGen       total 176512K, used 125267K [0x00000006a3000000, 0x00000006adc60000, 0x00000006c3000000)
  object space 176512K, 70% used [0x00000006a3000000,0x00000006aaa54c20,0x00000006adc60000)
Event: 82992.580 GC heap after
Heap after GC invocations=31 (full 1):
 PSYoungGen      total 688896K, used 9103K [0x0000000796560000, 0x00000007d1fd0000, 0x0000000800000000)
  eden space 679744K, 0% used [0x0000000796560000,0x0000000796560000,0x00000007bfd30000)
  from space 9152K, 99% used [0x00000007d16e0000,0x00000007d1fc3db8,0x00000007d1fd0000)
  to   space 86784K, 0% used [0x00000007c7650000,0x00000007c7650000,0x00000007ccb10000)
 ParOldGen       total 1381760K, used 286078K [0x00000006c3000000, 0x0000000717560000, 0x0000000796560000)
  object space 1381760K, 20% used [0x00000006c3000000,0x00000006d475f9e0,0x0000000717560000)
 PSPermGen       total 176512K, used 125267K [0x00000006a3000000, 0x00000006adc60000, 0x00000006c3000000)
  object space 176512K, 70% used [0x00000006a3000000,0x00000006aaa54c20,0x00000006adc60000)
}
Event: 82995.263 GC heap before
{Heap before GC invocations=32 (full 1):
 PSYoungGen      total 688896K, used 688847K [0x0000000796560000, 0x00000007d1fd0000, 0x0000000800000000)
  eden space 679744K, 100% used [0x0000000796560000,0x00000007bfd30000,0x00000007bfd30000)
  from space 9152K, 99% used [0x00000007d16e0000,0x00000007d1fc3db8,0x00000007d1fd0000)
  to   space 86784K, 0% used [0x00000007c7650000,0x00000007c7650000,0x00000007ccb10000)
 ParOldGen       total 1381760K, used 286078K [0x00000006c3000000, 0x0000000717560000, 0x0000000796560000)
  object space 1381760K, 20% used [0x00000006c3000000,0x00000006d475f9e0,0x0000000717560000)
 PSPermGen       total 176512K, used 125267K [0x00000006a3000000, 0x00000006adc60000, 0x00000006c3000000)
  object space 176512K, 70% used [0x00000006a3000000,0x00000006aaa54c20,0x00000006adc60000)
Event: 82995.287 GC heap after
Heap after GC invocations=32 (full 1):
 PSYoungGen      total 668288K, used 7776K [0x0000000796560000, 0x00000007d16f0000, 0x0000000800000000)
  eden space 660480K, 0% used [0x0000000796560000,0x0000000796560000,0x00000007bea60000)
  from space 7808K, 99% used [0x00000007c7650000,0x00000007c7de8000,0x00000007c7df0000)
  to   space 83008K, 0% used [0x00000007cc5e0000,0x00000007cc5e0000,0x00000007d16f0000)
 ParOldGen       total 1381760K, used 286973K [0x00000006c3000000, 0x0000000717560000, 0x0000000796560000)
  object space 1381760K, 20% used [0x00000006c3000000,0x00000006d483f798,0x0000000717560000)
 PSPermGen       total 176512K, used 125267K [0x00000006a3000000, 0x00000006adc60000, 0x00000006c3000000)
  object space 176512K, 70% used [0x00000006a3000000,0x00000006aaa54c20,0x00000006adc60000)
}
Event: 82997.943 GC heap before
{Heap before GC invocations=33 (full 1):
 PSYoungGen      total 668288K, used 668256K [0x0000000796560000, 0x00000007d16f0000, 0x0000000800000000)
  eden space 660480K, 100% used [0x0000000796560000,0x00000007bea60000,0x00000007bea60000)
  from space 7808K, 99% used [0x00000007c7650000,0x00000007c7de8000,0x00000007c7df0000)
  to   space 83008K, 0% used [0x00000007cc5e0000,0x00000007cc5e0000,0x00000007d16f0000)
 ParOldGen       total 1381760K, used 286973K [0x00000006c3000000, 0x0000000717560000, 0x0000000796560000)
  object space 1381760K, 20% used [0x00000006c3000000,0x00000006d483f798,0x0000000717560000)
 PSPermGen       total 176512K, used 125267K [0x00000006a3000000, 0x00000006adc60000, 0x00000006c3000000)
  object space 176512K, 70% used [0x00000006a3000000,0x00000006aaa54c20,0x00000006adc60000)
Event: 82997.977 GC heap after
Heap after GC invocations=33 (full 1):
 PSYoungGen      total 650176K, used 8192K [0x0000000796560000, 0x00000007ccde0000, 0x0000000800000000)
  eden space 641984K, 0% used [0x0000000796560000,0x0000000796560000,0x00000007bd850000)
  from space 8192K, 100% used [0x00000007cc5e0000,0x00000007ccde0000,0x00000007ccde0000)
  to   space 79168K, 0% used [0x00000007c3340000,0x00000007c3340000,0x00000007c8090000)
 ParOldGen       total 1381760K, used 287005K [0x00000006c3000000, 0x0000000717560000, 0x0000000796560000)
  object space 1381760K, 20% used [0x00000006c3000000,0x00000006d4847798,0x0000000717560000)
 PSPermGen       total 176512K, used 125267K [0x00000006a3000000, 0x00000006adc60000, 0x00000006c3000000)
  object space 176512K, 70% used [0x00000006a3000000,0x00000006aaa54c20,0x00000006adc60000)
}
Event: 83124.597 GC heap before
{Heap before GC invocations=34 (full 1):
 PSYoungGen      total 650176K, used 650176K [0x0000000796560000, 0x00000007ccde0000, 0x0000000800000000)
  eden space 641984K, 100% used [0x0000000796560000,0x00000007bd850000,0x00000007bd850000)
  from space 8192K, 100% used [0x00000007cc5e0000,0x00000007ccde0000,0x00000007ccde0000)
  to   space 79168K, 0% used [0x00000007c3340000,0x00000007c3340000,0x00000007c8090000)
 ParOldGen       total 1381760K, used 287005K [0x00000006c3000000, 0x0000000717560000, 0x0000000796560000)
  object space 1381760K, 20% used [0x00000006c3000000,0x00000006d4847798,0x0000000717560000)
 PSPermGen       total 176512K, used 132588K [0x00000006a3000000, 0x00000006adc60000, 0x00000006c3000000)
  object space 176512K, 75% used [0x00000006a3000000,0x00000006ab17b110,0x00000006adc60000)
Event: 83124.721 GC heap after
Heap after GC invocations=34 (full 1):
 PSYoungGen      total 671360K, used 47066K [0x0000000796560000, 0x00000007cc5f0000, 0x0000000800000000)
  eden space 624256K, 0% used [0x0000000796560000,0x0000000796560000,0x00000007bc700000)
  from space 47104K, 99% used [0x00000007c3340000,0x00000007c6136998,0x00000007c6140000)
  to   space 83200K, 0% used [0x00000007c74b0000,0x00000007c74b0000,0x00000007cc5f0000)
 ParOldGen       total 1381760K, used 287029K [0x00000006c3000000, 0x0000000717560000, 0x0000000796560000)
  object space 1381760K, 20% used [0x00000006c3000000,0x00000006d484d798,0x0000000717560000)
 PSPermGen       total 176512K, used 132588K [0x00000006a3000000, 0x00000006adc60000, 0x00000006c3000000)
  object space 176512K, 75% used [0x00000006a3000000,0x00000006ab17b110,0x00000006adc60000)
}
Event: 83233.614 GC heap before
{Heap before GC invocations=35 (full 1):
 PSYoungGen      total 671360K, used 671322K [0x0000000796560000, 0x00000007cc5f0000, 0x0000000800000000)
  eden space 624256K, 100% used [0x0000000796560000,0x00000007bc700000,0x00000007bc700000)
  from space 47104K, 99% used [0x00000007c3340000,0x00000007c6136998,0x00000007c6140000)
  to   space 83200K, 0% used [0x00000007c74b0000,0x00000007c74b0000,0x00000007cc5f0000)
 ParOldGen       total 1381760K, used 287029K [0x00000006c3000000, 0x0000000717560000, 0x0000000796560000)
  object space 1381760K, 20% used [0x00000006c3000000,0x00000006d484d798,0x0000000717560000)
 PSPermGen       total 176512K, used 137025K [0x00000006a3000000, 0x00000006adc60000, 0x00000006c3000000)
  object space 176512K, 77% used [0x00000006a3000000,0x00000006ab5d0590,0x00000006adc60000)

