# JRE version: Java(TM) SE Runtime Environment (8.0-b116) (build 1.8.0-ea-b116)
# Java VM: Java HotSpot(TM) 64-Bit Server VM (25.0-b58 mixed mode bsd-amd64 compressed oops)
Heap:
 PSYoungGen      total 290816K, used 137789K [0x000000076aa80000, 0x0000000783800000, 0x00000007c0000000)
  eden space 221696K, 32% used [0x000000076aa80000,0x000000076f008648,0x0000000778300000)
  from space 69120K, 96% used [0x0000000778300000,0x000000077c407168,0x000000077c680000)
  to   space 78848K, 0% used [0x000000077eb00000,0x000000077eb00000,0x0000000783800000)
 ParOldGen       total 305664K, used 101033K [0x00000006c0000000, 0x00000006d2a80000, 0x000000076aa80000)
  object space 305664K, 33% used [0x00000006c0000000,0x00000006c62aa4a0,0x00000006d2a80000)
 Metaspace       used 49594K, capacity 49924K, committed 50408K, reserved 1091584K
  class space    used 7971K, capacity 8077K, committed 8192K, reserved 1048576K
GC Heap History (10 events):
Event: 2.659 GC heap before
{Heap before GC invocations=9 (full 2):
 PSYoungGen      total 206848K, used 42998K [0x000000076aa80000, 0x000000077f780000, 0x00000007c0000000)
  eden space 163840K, 0% used [0x000000076aa80000,0x000000076aa80000,0x0000000774a80000)
  from space 43008K, 99% used [0x0000000774a80000,0x000000077747d878,0x0000000777480000)
  to   space 54272K, 0% used [0x000000077c280000,0x000000077c280000,0x000000077f780000)
 ParOldGen       total 146944K, used 57623K [0x00000006c0000000, 0x00000006c8f80000, 0x000000076aa80000)
  object space 146944K, 39% used [0x00000006c0000000,0x00000006c3845ec8,0x00000006c8f80000)
 Metaspace       used 34803K, capacity 34982K, committed 35176K, reserved 1079296K
  class space    used 5686K, capacity 5751K, committed 5760K, reserved 1048576K
Event: 3.240 GC heap after
Heap after GC invocations=9 (full 2):
 PSYoungGen      total 206848K, used 0K [0x000000076aa80000, 0x000000077f780000, 0x00000007c0000000)
  eden space 163840K, 0% used [0x000000076aa80000,0x000000076aa80000,0x0000000774a80000)
  from space 43008K, 0% used [0x0000000774a80000,0x0000000774a80000,0x0000000777480000)
  to   space 54272K, 0% used [0x000000077c280000,0x000000077c280000,0x000000077f780000)
 ParOldGen       total 305664K, used 99008K [0x00000006c0000000, 0x00000006d2a80000, 0x000000076aa80000)
  object space 305664K, 32% used [0x00000006c0000000,0x00000006c60b0180,0x00000006d2a80000)
 Metaspace       used 34803K, capacity 34982K, committed 35176K, reserved 1079296K
  class space    used 5686K, capacity 5751K, committed 5760K, reserved 1048576K
}
Event: 4.164 GC heap before
{Heap before GC invocations=10 (full 2):
 PSYoungGen      total 206848K, used 163840K [0x000000076aa80000, 0x000000077f780000, 0x00000007c0000000)
  eden space 163840K, 100% used [0x000000076aa80000,0x0000000774a80000,0x0000000774a80000)
  from space 43008K, 0% used [0x0000000774a80000,0x0000000774a80000,0x0000000777480000)
  to   space 54272K, 0% used [0x000000077c280000,0x000000077c280000,0x000000077f780000)
 ParOldGen       total 305664K, used 99008K [0x00000006c0000000, 0x00000006d2a80000, 0x000000076aa80000)
  object space 305664K, 32% used [0x00000006c0000000,0x00000006c60b0180,0x00000006d2a80000)
 Metaspace       used 35695K, capacity 35978K, committed 36072K, reserved 1079296K
  class space    used 5794K, capacity 5869K, committed 5888K, reserved 1048576K
Event: 4.187 GC heap after
Heap after GC invocations=10 (full 2):
 PSYoungGen      total 223232K, used 16586K [0x000000076aa80000, 0x000000077d680000, 0x00000007c0000000)
  eden space 202752K, 0% used [0x000000076aa80000,0x000000076aa80000,0x0000000777080000)
  from space 20480K, 80% used [0x000000077c280000,0x000000077d2b2930,0x000000077d680000)
  to   space 52224K, 0% used [0x0000000777080000,0x0000000777080000,0x000000077a380000)
 ParOldGen       total 305664K, used 99016K [0x00000006c0000000, 0x00000006d2a80000, 0x000000076aa80000)
  object space 305664K, 32% used [0x00000006c0000000,0x00000006c60b2180,0x00000006d2a80000)
 Metaspace       used 35695K, capacity 35978K, committed 36072K, reserved 1079296K
  class space    used 5794K, capacity 5869K, committed 5888K, reserved 1048576K
}
Event: 4.775 GC heap before
{Heap before GC invocations=11 (full 2):
 PSYoungGen      total 223232K, used 219338K [0x000000076aa80000, 0x000000077d680000, 0x00000007c0000000)
  eden space 202752K, 100% used [0x000000076aa80000,0x0000000777080000,0x0000000777080000)
  from space 20480K, 80% used [0x000000077c280000,0x000000077d2b2930,0x000000077d680000)
  to   space 52224K, 0% used [0x0000000777080000,0x0000000777080000,0x000000077a380000)
 ParOldGen       total 305664K, used 99016K [0x00000006c0000000, 0x00000006d2a80000, 0x000000076aa80000)
  object space 305664K, 32% used [0x00000006c0000000,0x00000006c60b2180,0x00000006d2a80000)
 Metaspace       used 36392K, capacity 36662K, committed 36968K, reserved 1081344K
  class space    used 5882K, capacity 5967K, committed 6016K, reserved 1048576K
Event: 4.823 GC heap after
Heap after GC invocations=11 (full 2):
 PSYoungGen      total 254976K, used 48982K [0x000000076aa80000, 0x0000000780080000, 0x00000007c0000000)
  eden space 202752K, 0% used [0x000000076aa80000,0x000000076aa80000,0x0000000777080000)
  from space 52224K, 93% used [0x0000000777080000,0x000000077a055bf8,0x000000077a380000)
  to   space 59392K, 0% used [0x000000077c680000,0x000000077c680000,0x0000000780080000)
 ParOldGen       total 305664K, used 99024K [0x00000006c0000000, 0x00000006d2a80000, 0x000000076aa80000)
  object space 305664K, 32% used [0x00000006c0000000,0x00000006c60b4180,0x00000006d2a80000)
 Metaspace       used 36392K, capacity 36662K, committed 36968K, reserved 1081344K
  class space    used 5882K, capacity 5967K, committed 6016K, reserved 1048576K
}
Event: 5.647 GC heap before
{Heap before GC invocations=12 (full 2):
 PSYoungGen      total 254976K, used 251734K [0x000000076aa80000, 0x0000000780080000, 0x00000007c0000000)
  eden space 202752K, 100% used [0x000000076aa80000,0x0000000777080000,0x0000000777080000)
  from space 52224K, 93% used [0x0000000777080000,0x000000077a055bf8,0x000000077a380000)
  to   space 59392K, 0% used [0x000000077c680000,0x000000077c680000,0x0000000780080000)
 ParOldGen       total 305664K, used 99024K [0x00000006c0000000, 0x00000006d2a80000, 0x000000076aa80000)
  object space 305664K, 32% used [0x00000006c0000000,0x00000006c60b4180,0x00000006d2a80000)
 Metaspace       used 36969K, capacity 37204K, committed 37608K, reserved 1081344K
  class space    used 5946K, capacity 6036K, committed 6144K, reserved 1048576K
Event: 5.702 GC heap after
Heap after GC invocations=12 (full 2):
 PSYoungGen      total 281088K, used 59376K [0x000000076aa80000, 0x0000000781280000, 0x00000007c0000000)
  eden space 221696K, 0% used [0x000000076aa80000,0x000000076aa80000,0x0000000778300000)
  from space 59392K, 99% used [0x000000077c680000,0x000000078007c090,0x0000000780080000)
  to   space 69120K, 0% used [0x0000000778300000,0x0000000778300000,0x000000077c680000)
 ParOldGen       total 305664K, used 101025K [0x00000006c0000000, 0x00000006d2a80000, 0x000000076aa80000)
  object space 305664K, 33% used [0x00000006c0000000,0x00000006c62a84a0,0x00000006d2a80000)
 Metaspace       used 36969K, capacity 37204K, committed 37608K, reserved 1081344K
  class space    used 5946K, capacity 6036K, committed 6144K, reserved 1048576K
}
Event: 6.896 GC heap before
{Heap before GC invocations=13 (full 2):
 PSYoungGen      total 281088K, used 281072K [0x000000076aa80000, 0x0000000781280000, 0x00000007c0000000)
  eden space 221696K, 100% used [0x000000076aa80000,0x0000000778300000,0x0000000778300000)
  from space 59392K, 99% used [0x000000077c680000,0x000000078007c090,0x0000000780080000)
  to   space 69120K, 0% used [0x0000000778300000,0x0000000778300000,0x000000077c680000)
 ParOldGen       total 305664K, used 101025K [0x00000006c0000000, 0x00000006d2a80000, 0x000000076aa80000)
  object space 305664K, 33% used [0x00000006c0000000,0x00000006c62a84a0,0x00000006d2a80000)
 Metaspace       used 39784K, capacity 40112K, committed 40296K, reserved 1083392K
  class space    used 6389K, capacity 6463K, committed 6528K, reserved 1048576K
Event: 6.950 GC heap after
Heap after GC invocations=13 (full 2):
 PSYoungGen      total 290816K, used 66588K [0x000000076aa80000, 0x0000000783800000, 0x00000007c0000000)
  eden space 221696K, 0% used [0x000000076aa80000,0x000000076aa80000,0x0000000778300000)
  from space 69120K, 96% used [0x0000000778300000,0x000000077c407168,0x000000077c680000)
  to   space 78848K, 0% used [0x000000077eb00000,0x000000077eb00000,0x0000000783800000)
 ParOldGen       total 305664K, used 101033K [0x00000006c0000000, 0x00000006d2a80000, 0x000000076aa80000)
  object space 305664K, 33% used [0x00000006c0000000,0x00000006c62aa4a0,0x00000006d2a80000)
 Metaspace       used 39784K, capacity 40112K, committed 40296K, reserved 1083392K
  class space    used 6389K, capacity 6463K, committed 6528K, reserved 1048576K
}

