# JRE version: Java(TM) SE Runtime Environment (8.0_05-b13) (build 1.8.0_05-b13)
# Java VM: Java HotSpot(TM) 64-Bit Server VM (25.5-b02 mixed mode bsd-amd64 compressed oops)
Heap:
 PSYoungGen      total 144896K, used 53052K [0x000000016f380000, 0x000000017d580000, 0x0000000199e00000)
  eden space 59392K, 61% used [0x000000016f380000,0x000000017172cc28,0x0000000172d80000)
  from space 85504K, 19% used [0x0000000172d80000,0x0000000173da2760,0x0000000178100000)
  to   space 83968K, 0% used [0x0000000178380000,0x0000000178380000,0x000000017d580000)
 ParOldGen       total 146432K, used 120423K [0x0000000119e00000, 0x0000000122d00000, 0x000000016f380000)
  object space 146432K, 82% used [0x0000000119e00000,0x0000000121399d40,0x0000000122d00000)
 Metaspace       used 52122K, capacity 52528K, committed 52864K, reserved 1093632K
  class space    used 8456K, capacity 8575K, committed 8576K, reserved 1048576K
GC Heap History (10 events):
Event: 18.499 GC heap before
{Heap before GC invocations=40 (full 7):
 PSYoungGen      total 121856K, used 109088K [0x000000016f380000, 0x000000017b900000, 0x0000000199e00000)
  eden space 58368K, 100% used [0x000000016f380000,0x0000000172c80000,0x0000000172c80000)
  from space 63488K, 79% used [0x0000000177000000,0x000000017a1880c0,0x000000017ae00000)
  to   space 69120K, 0% used [0x0000000172c80000,0x0000000172c80000,0x0000000177000000)
 ParOldGen       total 146432K, used 120407K [0x0000000119e00000, 0x0000000122d00000, 0x000000016f380000)
  object space 146432K, 82% used [0x0000000119e00000,0x0000000121395d40,0x0000000122d00000)
 Metaspace       used 38324K, capacity 38660K, committed 38912K, reserved 1081344K
  class space    used 6265K, capacity 6334K, committed 6400K, reserved 1048576K
Event: 18.567 GC heap after
Heap after GC invocations=40 (full 7):
 PSYoungGen      total 127488K, used 51733K [0x000000016f380000, 0x000000017c180000, 0x0000000199e00000)
  eden space 58368K, 0% used [0x000000016f380000,0x000000016f380000,0x0000000172c80000)
  from space 69120K, 74% used [0x0000000172c80000,0x0000000175f05628,0x0000000177000000)
  to   space 74240K, 0% used [0x0000000177900000,0x0000000177900000,0x000000017c180000)
 ParOldGen       total 146432K, used 120407K [0x0000000119e00000, 0x0000000122d00000, 0x000000016f380000)
  object space 146432K, 82% used [0x0000000119e00000,0x0000000121395d40,0x0000000122d00000)
 Metaspace       used 38324K, capacity 38660K, committed 38912K, reserved 1081344K
  class space    used 6265K, capacity 6334K, committed 6400K, reserved 1048576K
}
Event: 18.930 GC heap before
{Heap before GC invocations=41 (full 7):
 PSYoungGen      total 127488K, used 110101K [0x000000016f380000, 0x000000017c180000, 0x0000000199e00000)
  eden space 58368K, 100% used [0x000000016f380000,0x0000000172c80000,0x0000000172c80000)
  from space 69120K, 74% used [0x0000000172c80000,0x0000000175f05628,0x0000000177000000)
  to   space 74240K, 0% used [0x0000000177900000,0x0000000177900000,0x000000017c180000)
 ParOldGen       total 146432K, used 120407K [0x0000000119e00000, 0x0000000122d00000, 0x000000016f380000)
  object space 146432K, 82% used [0x0000000119e00000,0x0000000121395d40,0x0000000122d00000)
 Metaspace       used 38361K, capacity 38660K, committed 38912K, reserved 1081344K
  class space    used 6265K, capacity 6334K, committed 6400K, reserved 1048576K
Event: 19.013 GC heap after
Heap after GC invocations=41 (full 7):
 PSYoungGen      total 132608K, used 53424K [0x000000016f380000, 0x000000017c980000, 0x0000000199e00000)
  eden space 58368K, 0% used [0x000000016f380000,0x000000016f380000,0x0000000172c80000)
  from space 74240K, 71% used [0x0000000177900000,0x000000017ad2c090,0x000000017c180000)
  to   space 78336K, 0% used [0x0000000172c80000,0x0000000172c80000,0x0000000177900000)
 ParOldGen       total 146432K, used 120407K [0x0000000119e00000, 0x0000000122d00000, 0x000000016f380000)
  object space 146432K, 82% used [0x0000000119e00000,0x0000000121395d40,0x0000000122d00000)
 Metaspace       used 38361K, capacity 38660K, committed 38912K, reserved 1081344K
  class space    used 6265K, capacity 6334K, committed 6400K, reserved 1048576K
}
Event: 19.333 GC heap before
{Heap before GC invocations=42 (full 7):
 PSYoungGen      total 132608K, used 111792K [0x000000016f380000, 0x000000017c980000, 0x0000000199e00000)
  eden space 58368K, 100% used [0x000000016f380000,0x0000000172c80000,0x0000000172c80000)
  from space 74240K, 71% used [0x0000000177900000,0x000000017ad2c090,0x000000017c180000)
  to   space 78336K, 0% used [0x0000000172c80000,0x0000000172c80000,0x0000000177900000)
 ParOldGen       total 146432K, used 120407K [0x0000000119e00000, 0x0000000122d00000, 0x000000016f380000)
  object space 146432K, 82% used [0x0000000119e00000,0x0000000121395d40,0x0000000122d00000)
 Metaspace       used 38802K, capacity 39108K, committed 39168K, reserved 1081344K
  class space    used 6311K, capacity 6398K, committed 6400K, reserved 1048576K
Event: 19.401 GC heap after
Heap after GC invocations=42 (full 7):
 PSYoungGen      total 136704K, used 55698K [0x000000016f380000, 0x000000017d180000, 0x0000000199e00000)
  eden space 58368K, 0% used [0x000000016f380000,0x000000016f380000,0x0000000172c80000)
  from space 78336K, 71% used [0x0000000172c80000,0x00000001762e4ab8,0x0000000177900000)
  to   space 82432K, 0% used [0x0000000178100000,0x0000000178100000,0x000000017d180000)
 ParOldGen       total 146432K, used 120415K [0x0000000119e00000, 0x0000000122d00000, 0x000000016f380000)
  object space 146432K, 82% used [0x0000000119e00000,0x0000000121397d40,0x0000000122d00000)
 Metaspace       used 38802K, capacity 39108K, committed 39168K, reserved 1081344K
  class space    used 6311K, capacity 6398K, committed 6400K, reserved 1048576K
}
Event: 19.571 GC heap before
{Heap before GC invocations=43 (full 7):
 PSYoungGen      total 136704K, used 114066K [0x000000016f380000, 0x000000017d180000, 0x0000000199e00000)
  eden space 58368K, 100% used [0x000000016f380000,0x0000000172c80000,0x0000000172c80000)
  from space 78336K, 71% used [0x0000000172c80000,0x00000001762e4ab8,0x0000000177900000)
  to   space 82432K, 0% used [0x0000000178100000,0x0000000178100000,0x000000017d180000)
 ParOldGen       total 146432K, used 120415K [0x0000000119e00000, 0x0000000122d00000, 0x000000016f380000)
  object space 146432K, 82% used [0x0000000119e00000,0x0000000121397d40,0x0000000122d00000)
 Metaspace       used 38802K, capacity 39108K, committed 39168K, reserved 1081344K
  class space    used 6311K, capacity 6398K, committed 6400K, reserved 1048576K
Event: 19.681 GC heap after
Heap after GC invocations=43 (full 7):
 PSYoungGen      total 141824K, used 55760K [0x000000016f380000, 0x000000017d800000, 0x0000000199e00000)
  eden space 59392K, 0% used [0x000000016f380000,0x000000016f380000,0x0000000172d80000)
  from space 82432K, 67% used [0x0000000178100000,0x000000017b7740a0,0x000000017d180000)
  to   space 85504K, 0% used [0x0000000172d80000,0x0000000172d80000,0x0000000178100000)
 ParOldGen       total 146432K, used 120415K [0x0000000119e00000, 0x0000000122d00000, 0x000000016f380000)
  object space 146432K, 82% used [0x0000000119e00000,0x0000000121397d40,0x0000000122d00000)
 Metaspace       used 38802K, capacity 39108K, committed 39168K, reserved 1081344K
  class space    used 6311K, capacity 6398K, committed 6400K, reserved 1048576K
}
Event: 21.002 GC heap before
{Heap before GC invocations=44 (full 7):
 PSYoungGen      total 141824K, used 115152K [0x000000016f380000, 0x000000017d800000, 0x0000000199e00000)
  eden space 59392K, 100% used [0x000000016f380000,0x0000000172d80000,0x0000000172d80000)
  from space 82432K, 67% used [0x0000000178100000,0x000000017b7740a0,0x000000017d180000)
  to   space 85504K, 0% used [0x0000000172d80000,0x0000000172d80000,0x0000000178100000)
 ParOldGen       total 146432K, used 120415K [0x0000000119e00000, 0x0000000122d00000, 0x000000016f380000)
  object space 146432K, 82% used [0x0000000119e00000,0x0000000121397d40,0x0000000122d00000)
 Metaspace       used 43659K, capacity 44052K, committed 44416K, reserved 1087488K
  class space    used 7108K, capacity 7189K, committed 7296K, reserved 1048576K
Event: 21.030 GC heap after
Heap after GC invocations=44 (full 7):
 PSYoungGen      total 144896K, used 16521K [0x000000016f380000, 0x000000017d580000, 0x0000000199e00000)
  eden space 59392K, 0% used [0x000000016f380000,0x000000016f380000,0x0000000172d80000)
  from space 85504K, 19% used [0x0000000172d80000,0x0000000173da2760,0x0000000178100000)
  to   space 83968K, 0% used [0x0000000178380000,0x0000000178380000,0x000000017d580000)
 ParOldGen       total 146432K, used 120423K [0x0000000119e00000, 0x0000000122d00000, 0x000000016f380000)
  object space 146432K, 82% used [0x0000000119e00000,0x0000000121399d40,0x0000000122d00000)
 Metaspace       used 43659K, capacity 44052K, committed 44416K, reserved 1087488K
  class space    used 7108K, capacity 7189K, committed 7296K, reserved 1048576K
}

