# JRE version: Java(TM) SE Runtime Environment (8.0_05-b13) (build 1.8.0_05-b13)
# Java VM: Java HotSpot(TM) 64-Bit Server VM (25.5-b02 mixed mode bsd-amd64 compressed oops)
Heap:
 PSYoungGen      total 114688K, used 62675K [0x0000000175580000, 0x0000000182480000, 0x00000001a0000000)
  eden space 68096K, 23% used [0x0000000175580000,0x0000000176544e00,0x0000000179800000)
  from space 46592K, 99% used [0x0000000179800000,0x000000017c570000,0x000000017c580000)
  to   space 71680K, 0% used [0x000000017de80000,0x000000017de80000,0x0000000182480000)
 ParOldGen       total 176128K, used 152517K [0x0000000120000000, 0x000000012ac00000, 0x0000000175580000)
  object space 176128K, 86% used [0x0000000120000000,0x00000001294f16f8,0x000000012ac00000)
 Metaspace       used 63727K, capacity 66095K, committed 66688K, reserved 1105920K
  class space    used 9849K, capacity 10217K, committed 10368K, reserved 1048576K
GC Heap History (10 events):
Event: 7339.770 GC heap before
{Heap before GC invocations=78 (full 9):
 PSYoungGen      total 147456K, used 104416K [0x0000000175580000, 0x0000000183800000, 0x00000001a0000000)
  eden space 67072K, 100% used [0x0000000175580000,0x0000000179700000,0x0000000179700000)
  from space 80384K, 46% used [0x000000017e980000,0x0000000180df8000,0x0000000183800000)
  to   space 82432K, 0% used [0x0000000179700000,0x0000000179700000,0x000000017e780000)
 ParOldGen       total 176128K, used 147686K [0x0000000120000000, 0x000000012ac00000, 0x0000000175580000)
  object space 176128K, 83% used [0x0000000120000000,0x0000000129039a50,0x000000012ac00000)
 Metaspace       used 63521K, capacity 65737K, committed 66432K, reserved 1105920K
  class space    used 9829K, capacity 10180K, committed 10368K, reserved 1048576K
Event: 7339.814 GC heap after
Heap after GC invocations=78 (full 9):
 PSYoungGen      total 101888K, used 34400K [0x0000000175580000, 0x0000000183480000, 0x00000001a0000000)
  eden space 67072K, 0% used [0x0000000175580000,0x0000000175580000,0x0000000179700000)
  from space 34816K, 98% used [0x0000000179700000,0x000000017b898000,0x000000017b900000)
  to   space 80384K, 0% used [0x000000017e600000,0x000000017e600000,0x0000000183480000)
 ParOldGen       total 176128K, used 150958K [0x0000000120000000, 0x000000012ac00000, 0x0000000175580000)
  object space 176128K, 85% used [0x0000000120000000,0x000000012936ba50,0x000000012ac00000)
 Metaspace       used 63521K, capacity 65737K, committed 66432K, reserved 1105920K
  class space    used 9829K, capacity 10180K, committed 10368K, reserved 1048576K
}
Event: 7419.312 GC heap before
{Heap before GC invocations=79 (full 9):
 PSYoungGen      total 101888K, used 101472K [0x0000000175580000, 0x0000000183480000, 0x00000001a0000000)
  eden space 67072K, 100% used [0x0000000175580000,0x0000000179700000,0x0000000179700000)
  from space 34816K, 98% used [0x0000000179700000,0x000000017b898000,0x000000017b900000)
  to   space 80384K, 0% used [0x000000017e600000,0x000000017e600000,0x0000000183480000)
 ParOldGen       total 176128K, used 150958K [0x0000000120000000, 0x000000012ac00000, 0x0000000175580000)
  object space 176128K, 85% used [0x0000000120000000,0x000000012936ba50,0x000000012ac00000)
 Metaspace       used 63539K, capacity 65801K, committed 66432K, reserved 1105920K
  class space    used 9829K, capacity 10180K, committed 10368K, reserved 1048576K
Event: 7419.354 GC heap after
Heap after GC invocations=79 (full 9):
 PSYoungGen      total 143872K, used 37504K [0x0000000175580000, 0x0000000183080000, 0x00000001a0000000)
  eden space 67584K, 0% used [0x0000000175580000,0x0000000175580000,0x0000000179780000)
  from space 76288K, 49% used [0x000000017e600000,0x0000000180aa0000,0x0000000183080000)
  to   space 78336K, 0% used [0x0000000179780000,0x0000000179780000,0x000000017e400000)
 ParOldGen       total 176128K, used 150958K [0x0000000120000000, 0x000000012ac00000, 0x0000000175580000)
  object space 176128K, 85% used [0x0000000120000000,0x000000012936ba50,0x000000012ac00000)
 Metaspace       used 63539K, capacity 65801K, committed 66432K, reserved 1105920K
  class space    used 9829K, capacity 10180K, committed 10368K, reserved 1048576K
}
Event: 7554.395 GC heap before
{Heap before GC invocations=80 (full 9):
 PSYoungGen      total 143872K, used 105088K [0x0000000175580000, 0x0000000183080000, 0x00000001a0000000)
  eden space 67584K, 100% used [0x0000000175580000,0x0000000179780000,0x0000000179780000)
  from space 76288K, 49% used [0x000000017e600000,0x0000000180aa0000,0x0000000183080000)
  to   space 78336K, 0% used [0x0000000179780000,0x0000000179780000,0x000000017e400000)
 ParOldGen       total 176128K, used 150961K [0x0000000120000000, 0x000000012ac00000, 0x0000000175580000)
  object space 176128K, 85% used [0x0000000120000000,0x000000012936c578,0x000000012ac00000)
 Metaspace       used 63664K, capacity 66023K, committed 66432K, reserved 1105920K
  class space    used 9849K, capacity 10217K, committed 10368K, reserved 1048576K
Event: 7554.441 GC heap after
Heap after GC invocations=80 (full 9):
 PSYoungGen      total 105984K, used 38080K [0x0000000175580000, 0x0000000182c00000, 0x00000001a0000000)
  eden space 67584K, 0% used [0x0000000175580000,0x0000000175580000,0x0000000179780000)
  from space 38400K, 99% used [0x0000000179780000,0x000000017bcb0000,0x000000017bd00000)
  to   space 75776K, 0% used [0x000000017e200000,0x000000017e200000,0x0000000182c00000)
 ParOldGen       total 176128K, used 150961K [0x0000000120000000, 0x000000012ac00000, 0x0000000175580000)
  object space 176128K, 85% used [0x0000000120000000,0x000000012936c578,0x000000012ac00000)
 Metaspace       used 63664K, capacity 66023K, committed 66432K, reserved 1105920K
  class space    used 9849K, capacity 10217K, committed 10368K, reserved 1048576K
}
Event: 7778.015 GC heap before
{Heap before GC invocations=81 (full 9):
 PSYoungGen      total 105984K, used 105664K [0x0000000175580000, 0x0000000182c00000, 0x00000001a0000000)
  eden space 67584K, 100% used [0x0000000175580000,0x0000000179780000,0x0000000179780000)
  from space 38400K, 99% used [0x0000000179780000,0x000000017bcb0000,0x000000017bd00000)
  to   space 75776K, 0% used [0x000000017e200000,0x000000017e200000,0x0000000182c00000)
 ParOldGen       total 176128K, used 150965K [0x0000000120000000, 0x000000012ac00000, 0x0000000175580000)
  object space 176128K, 85% used [0x0000000120000000,0x000000012936d6f8,0x000000012ac00000)
 Metaspace       used 63692K, capacity 66031K, committed 66432K, reserved 1105920K
  class space    used 9849K, capacity 10217K, committed 10368K, reserved 1048576K
Event: 7778.057 GC heap after
Heap after GC invocations=81 (full 9):
 PSYoungGen      total 138752K, used 38240K [0x0000000175580000, 0x0000000182700000, 0x00000001a0000000)
  eden space 68096K, 0% used [0x0000000175580000,0x0000000175580000,0x0000000179800000)
  from space 70656K, 54% used [0x000000017e200000,0x0000000180758000,0x0000000182700000)
  to   space 73216K, 0% used [0x0000000179800000,0x0000000179800000,0x000000017df80000)
 ParOldGen       total 176128K, used 150973K [0x0000000120000000, 0x000000012ac00000, 0x0000000175580000)
  object space 176128K, 85% used [0x0000000120000000,0x000000012936f6f8,0x000000012ac00000)
 Metaspace       used 63692K, capacity 66031K, committed 66432K, reserved 1105920K
  class space    used 9849K, capacity 10217K, committed 10368K, reserved 1048576K
}
Event: 7800.878 GC heap before
{Heap before GC invocations=82 (full 9):
 PSYoungGen      total 138752K, used 106336K [0x0000000175580000, 0x0000000182700000, 0x00000001a0000000)
  eden space 68096K, 100% used [0x0000000175580000,0x0000000179800000,0x0000000179800000)
  from space 70656K, 54% used [0x000000017e200000,0x0000000180758000,0x0000000182700000)
  to   space 73216K, 0% used [0x0000000179800000,0x0000000179800000,0x000000017df80000)
 ParOldGen       total 176128K, used 150973K [0x0000000120000000, 0x000000012ac00000, 0x0000000175580000)
  object space 176128K, 85% used [0x0000000120000000,0x000000012936f6f8,0x000000012ac00000)
 Metaspace       used 63718K, capacity 66031K, committed 66432K, reserved 1105920K
  class space    used 9849K, capacity 10217K, committed 10368K, reserved 1048576K
Event: 7800.936 GC heap after
Heap after GC invocations=82 (full 9):
 PSYoungGen      total 114688K, used 46528K [0x0000000175580000, 0x0000000182480000, 0x00000001a0000000)
  eden space 68096K, 0% used [0x0000000175580000,0x0000000175580000,0x0000000179800000)
  from space 46592K, 99% used [0x0000000179800000,0x000000017c570000,0x000000017c580000)
  to   space 71680K, 0% used [0x000000017de80000,0x000000017de80000,0x0000000182480000)
 ParOldGen       total 176128K, used 152517K [0x0000000120000000, 0x000000012ac00000, 0x0000000175580000)
  object space 176128K, 86% used [0x0000000120000000,0x00000001294f16f8,0x000000012ac00000)
 Metaspace       used 63718K, capacity 66031K, committed 66432K, reserved 1105920K
  class space    used 9849K, capacity 10217K, committed 10368K, reserved 1048576K
}

